Arguments: 
  /opt/homebrew/Cellar/node/16.4.0/bin/node /opt/homebrew/Cellar/yarn/1.22.10/libexec/bin/yarn.js install

PATH: 
  /usr/local/bin:/usr/bin:/bin:/usr/sbin:/sbin:/opt/maven/apache-maven-3.8.1/bin:/opt/homebrew/bin:/opt/maven/apache-maven-3.8.1/bin:/opt/homebrew/bin

Yarn version: 
  1.22.10

Node version: 
  16.4.0

Platform: 
  darwin arm64

Trace: 
  SyntaxError: /Users/william/GitRepository/coder/package.json: Unexpected token / in JSON at position 142
      at JSON.parse (<anonymous>)
      at /opt/homebrew/Cellar/yarn/1.22.10/libexec/lib/cli.js:1625:59
      at Generator.next (<anonymous>)
      at step (/opt/homebrew/Cellar/yarn/1.22.10/libexec/lib/cli.js:310:30)
      at /opt/homebrew/Cellar/yarn/1.22.10/libexec/lib/cli.js:321:13

npm manifest: 
  {
    "version": "0.0.0",
    "scripts": {
      "dev": "vite",
      "build": "vite build",
      "serve": "vite preview"
    },
    "dependencies": {
      // "@ant-design/icons-vue": "^6.0.1",
      "ant-design-vue": "^1.7.6",
      "esbuild": "^0.12.12",
      "source-map-js": "^0.6.2",
      "vue": "^3.0.5",
      "vue-router": "4"
    },
    "devDependencies": {
      "@vitejs/plugin-vue": "^1.2.3",
      "@vue/compiler-sfc": "^3.0.5",
      "vite": "^2.3.8"
    }
  }

yarn manifest: 
  No manifest

Lockfile: 
  # THIS IS AN AUTOGENERATED FILE. DO NOT EDIT THIS FILE DIRECTLY.
  # yarn lockfile v1
  
  
  "@ant-design/colors@^3.1.0":
    version "3.2.2"
    resolved "https://registry.npm.taobao.org/@ant-design/colors/download/@ant-design/colors-3.2.2.tgz?cache=0&sync_timestamp=1612935636044&other_urls=https%3A%2F%2Fregistry.npm.taobao.org%2F%40ant-design%2Fcolors%2Fdownload%2F%40ant-design%2Fcolors-3.2.2.tgz#5ad43d619e911f3488ebac303d606e66a8423903"
    integrity sha1-WtQ9YZ6RHzSI66wwPWBuZqhCOQM=
    dependencies:
      tinycolor2 "^1.4.1"
  
  "@ant-design/colors@^5.0.0":
    version "5.1.1"
    resolved "https://registry.npm.taobao.org/@ant-design/colors/download/@ant-design/colors-5.1.1.tgz?cache=0&sync_timestamp=1612935636044&other_urls=https%3A%2F%2Fregistry.npm.taobao.org%2F%40ant-design%2Fcolors%2Fdownload%2F%40ant-design%2Fcolors-5.1.1.tgz#800b2186b1e27e66432e67d03ed96af3e21d8940"
    integrity sha1-gAshhrHifmZDLmfQPtlq8+IdiUA=
    dependencies:
      "@ctrl/tinycolor" "^3.3.1"
  
  "@ant-design/icons-svg@^4.0.0":
    version "4.1.0"
    resolved "https://registry.npm.taobao.org/@ant-design/icons-svg/download/@ant-design/icons-svg-4.1.0.tgz#480b025f4b20ef7fe8f47d4a4846e4fee84ea06c"
    integrity sha1-SAsCX0sg73/o9H1KSEbk/uhOoGw=
  
  "@ant-design/icons-vue@^2.0.0":
    version "2.0.0"
    resolved "https://registry.npm.taobao.org/@ant-design/icons-vue/download/@ant-design/icons-vue-2.0.0.tgz?cache=0&sync_timestamp=1611990758478&other_urls=https%3A%2F%2Fregistry.npm.taobao.org%2F%40ant-design%2Ficons-vue%2Fdownload%2F%40ant-design%2Ficons-vue-2.0.0.tgz#0357f5010a404e9f34a87a4b41b2a08df691dbce"
    integrity sha1-A1f1AQpATp80qHpLQbKgjfaR284=
    dependencies:
      "@ant-design/colors" "^3.1.0"
      babel-runtime "^6.26.0"
  
  "@ant-design/icons-vue@^6.0.1":
    version "6.0.1"
    resolved "https://registry.npm.taobao.org/@ant-design/icons-vue/download/@ant-design/icons-vue-6.0.1.tgz?cache=0&sync_timestamp=1611990758478&other_urls=https%3A%2F%2Fregistry.npm.taobao.org%2F%40ant-design%2Ficons-vue%2Fdownload%2F%40ant-design%2Ficons-vue-6.0.1.tgz#9d804c3c74d2cfaf97cb18e582d3b9400934f5fd"
    integrity sha1-nYBMPHTSz6+XyxjlgtO5QAk09f0=
    dependencies:
      "@ant-design/colors" "^5.0.0"
      "@ant-design/icons-svg" "^4.0.0"
      "@types/lodash" "^4.14.165"
      lodash "^4.17.15"
  
  "@ant-design/icons@^2.1.1":
    version "2.1.1"
    resolved "https://registry.npm.taobao.org/@ant-design/icons/download/@ant-design/icons-2.1.1.tgz#7b9c08dffd4f5d41db667d9dbe5e0107d0bd9a4a"
    integrity sha1-e5wI3/1PXUHbZn2dvl4BB9C9mko=
  
  "@babel/helper-validator-identifier@^7.14.5":
    version "7.14.5"
    resolved "https://registry.nlark.com/@babel/helper-validator-identifier/download/@babel/helper-validator-identifier-7.14.5.tgz?cache=0&sync_timestamp=1623280657721&other_urls=https%3A%2F%2Fregistry.nlark.com%2F%40babel%2Fhelper-validator-identifier%2Fdownload%2F%40babel%2Fhelper-validator-identifier-7.14.5.tgz"
    integrity sha1-0PDid8US4Mk4J3+qhaOWjJpEwOg=
  
  "@babel/parser@^7.12.0", "@babel/parser@^7.13.9":
    version "7.14.7"
    resolved "https://registry.nlark.com/@babel/parser/download/@babel/parser-7.14.7.tgz?cache=0&other_urls=https%3A%2F%2Fregistry.nlark.com%2F%40babel%2Fparser%2Fdownload%2F%40babel%2Fparser-7.14.7.tgz"
    integrity sha1-YJlyDIg5yoZaJjfmyFhS6tC9tZU=
  
  "@babel/types@^7.12.0", "@babel/types@^7.13.0":
    version "7.14.5"
    resolved "https://registry.nlark.com/@babel/types/download/@babel/types-7.14.5.tgz?cache=0&sync_timestamp=1623280847816&other_urls=https%3A%2F%2Fregistry.nlark.com%2F%40babel%2Ftypes%2Fdownload%2F%40babel%2Ftypes-7.14.5.tgz"
    integrity sha1-O7mXuoKaIQTO2yBonEpbgSHTg/8=
    dependencies:
      "@babel/helper-validator-identifier" "^7.14.5"
      to-fast-properties "^2.0.0"
  
  "@ctrl/tinycolor@^3.3.1":
    version "3.4.0"
    resolved "https://registry.npm.taobao.org/@ctrl/tinycolor/download/@ctrl/tinycolor-3.4.0.tgz#c3c5ae543c897caa9c2a68630bed355be5f9990f"
    integrity sha1-w8WuVDyJfKqcKmhjC+01W+X5mQ8=
  
  "@simonwep/pickr@~1.7.0":
    version "1.7.4"
    resolved "https://registry.nlark.com/@simonwep/pickr/download/@simonwep/pickr-1.7.4.tgz#b14fcd945890388b870cd6db4d6c78d531f25141"
    integrity sha1-sU/NlFiQOIuHDNbbTWx41THyUUE=
    dependencies:
      core-js "^3.6.5"
      nanopop "^2.1.0"
  
  "@types/estree@^0.0.48":
    version "0.0.48"
    resolved "https://registry.nlark.com/@types/estree/download/@types/estree-0.0.48.tgz"
    integrity sha1-GNyAkbKF35DbLyWqfZBs/DlLf3Q=
  
  "@types/lodash@^4.14.165":
    version "4.14.170"
    resolved "https://registry.nlark.com/@types/lodash/download/@types/lodash-4.14.170.tgz?cache=0&sync_timestamp=1621593545638&other_urls=https%3A%2F%2Fregistry.nlark.com%2F%40types%2Flodash%2Fdownload%2F%40types%2Flodash-4.14.170.tgz#0d67711d4bf7f4ca5147e9091b847479b87925d6"
    integrity sha1-DWdxHUv39MpRR+kJG4R0ebh5JdY=
  
  "@vitejs/plugin-vue@^1.2.3":
    version "1.2.4"
    resolved "https://registry.nlark.com/@vitejs/plugin-vue/download/@vitejs/plugin-vue-1.2.4.tgz"
    integrity sha1-p6puajHFVqi3gd5zAxbe7s9/VvI=
  
  "@vue/compiler-core@3.1.2":
    version "3.1.2"
    resolved "https://registry.nlark.com/@vue/compiler-core/download/@vue/compiler-core-3.1.2.tgz"
    integrity sha1-MasdiOFwalx6VF+u62TDG9AQHbA=
    dependencies:
      "@babel/parser" "^7.12.0"
      "@babel/types" "^7.12.0"
      "@vue/shared" "3.1.2"
      estree-walker "^2.0.1"
      source-map "^0.6.1"
  
  "@vue/compiler-dom@3.1.2":
    version "3.1.2"
    resolved "https://registry.nlark.com/@vue/compiler-dom/download/@vue/compiler-dom-3.1.2.tgz"
    integrity sha1-dadzG8xdlxgYOjxWwY6ZL3wT57E=
    dependencies:
      "@vue/compiler-core" "3.1.2"
      "@vue/shared" "3.1.2"
  
  "@vue/compiler-sfc@^3.0.5":
    version "3.1.2"
    resolved "https://registry.nlark.com/@vue/compiler-sfc/download/@vue/compiler-sfc-3.1.2.tgz"
    integrity sha1-I/8eNm2Ie5ZImVaL/8sR49BRH8Q=
    dependencies:
      "@babel/parser" "^7.13.9"
      "@babel/types" "^7.13.0"
      "@types/estree" "^0.0.48"
      "@vue/compiler-core" "3.1.2"
      "@vue/compiler-dom" "3.1.2"
      "@vue/compiler-ssr" "3.1.2"
      "@vue/shared" "3.1.2"
      consolidate "^0.16.0"
      estree-walker "^2.0.1"
      hash-sum "^2.0.0"
      lru-cache "^5.1.1"
      magic-string "^0.25.7"
      merge-source-map "^1.1.0"
      postcss "^8.1.10"
      postcss-modules "^4.0.0"
      postcss-selector-parser "^6.0.4"
      source-map "^0.6.1"
  
  "@vue/compiler-ssr@3.1.2":
    version "3.1.2"
    resolved "https://registry.nlark.com/@vue/compiler-ssr/download/@vue/compiler-ssr-3.1.2.tgz"
    integrity sha1-4zrQh22blvCVDiKw4XS5TBsEnS0=
    dependencies:
      "@vue/compiler-dom" "3.1.2"
      "@vue/shared" "3.1.2"
  
  "@vue/devtools-api@^6.0.0-beta.14":
    version "6.0.0-beta.15"
    resolved "https://registry.nlark.com/@vue/devtools-api/download/@vue/devtools-api-6.0.0-beta.15.tgz?cache=0&sync_timestamp=1624900801887&other_urls=https%3A%2F%2Fregistry.nlark.com%2F%40vue%2Fdevtools-api%2Fdownload%2F%40vue%2Fdevtools-api-6.0.0-beta.15.tgz"
    integrity sha1-rXyzhOBi8WW8+cg3MhJb/7wq2D0=
  
  "@vue/reactivity@3.1.2":
    version "3.1.2"
    resolved "https://registry.nlark.com/@vue/reactivity/download/@vue/reactivity-3.1.2.tgz"
    integrity sha1-ZvpTDdcm0v7yha5V0CEGpyfbRjs=
    dependencies:
      "@vue/shared" "3.1.2"
  
  "@vue/runtime-core@3.1.2":
    version "3.1.2"
    resolved "https://registry.nlark.com/@vue/runtime-core/download/@vue/runtime-core-3.1.2.tgz"
    integrity sha1-9NvFA8/JoCq18evgAsMyJRIGSlQ=
    dependencies:
      "@vue/reactivity" "3.1.2"
      "@vue/shared" "3.1.2"
  
  "@vue/runtime-dom@3.1.2":
    version "3.1.2"
    resolved "https://registry.nlark.com/@vue/runtime-dom/download/@vue/runtime-dom-3.1.2.tgz"
    integrity sha1-D9hyTxS8e6ZLbJVNh0qNik/LX+k=
    dependencies:
      "@vue/runtime-core" "3.1.2"
      "@vue/shared" "3.1.2"
      csstype "^2.6.8"
  
  "@vue/shared@3.1.2":
    version "3.1.2"
    resolved "https://registry.nlark.com/@vue/shared/download/@vue/shared-3.1.2.tgz"
    integrity sha1-EGnAvH1vS9FczzpfO+KUUKyjaPk=
  
  add-dom-event-listener@^1.0.2:
    version "1.1.0"
    resolved "https://registry.npm.taobao.org/add-dom-event-listener/download/add-dom-event-listener-1.1.0.tgz#6a92db3a0dd0abc254e095c0f1dc14acbbaae310"
    integrity sha1-apLbOg3Qq8JU4JXA8dwUrLuq4xA=
    dependencies:
      object-assign "4.x"
  
  ant-design-vue@^1.7.6:
    version "1.7.6"
    resolved "https://registry.nlark.com/ant-design-vue/download/ant-design-vue-1.7.6.tgz?cache=0&sync_timestamp=1624956874546&other_urls=https%3A%2F%2Fregistry.nlark.com%2Fant-design-vue%2Fdownload%2Fant-design-vue-1.7.6.tgz#976a84ff037c2e5f0586dcd697eafb8cf7983b1e"
    integrity sha1-l2qE/wN8Ll8FhtzWl+r7jPeYOx4=
    dependencies:
      "@ant-design/icons" "^2.1.1"
      "@ant-design/icons-vue" "^2.0.0"
      "@simonwep/pickr" "~1.7.0"
      add-dom-event-listener "^1.0.2"
      array-tree-filter "^2.1.0"
      async-validator "^3.0.3"
      babel-helper-vue-jsx-merge-props "^2.0.3"
      babel-runtime "6.x"
      classnames "^2.2.5"
      component-classes "^1.2.6"
      dom-align "^1.10.4"
      dom-closest "^0.2.0"
      dom-scroll-into-view "^2.0.0"
      enquire.js "^2.1.6"
      intersperse "^1.0.0"
      is-mobile "^2.2.1"
      is-negative-zero "^2.0.0"
      ismobilejs "^1.0.0"
      json2mq "^0.2.0"
      lodash "^4.17.5"
      moment "^2.21.0"
      mutationobserver-shim "^0.3.2"
      node-emoji "^1.10.0"
      omit.js "^1.0.0"
      raf "^3.4.0"
      resize-observer-polyfill "^1.5.1"
      shallow-equal "^1.0.0"
      shallowequal "^1.0.2"
      vue-ref "^2.0.0"
      warning "^4.0.0"
  
  array-tree-filter@^2.1.0:
    version "2.1.0"
    resolved "https://registry.nlark.com/array-tree-filter/download/array-tree-filter-2.1.0.tgz"
    integrity sha1-hzrAD+yDdJ8lWsjdCDgUtPYykZA=
  
  async-validator@^3.0.3:
    version "3.5.2"
    resolved "https://registry.nlark.com/async-validator/download/async-validator-3.5.2.tgz?cache=0&sync_timestamp=1619756044645&other_urls=https%3A%2F%2Fregistry.nlark.com%2Fasync-validator%2Fdownload%2Fasync-validator-3.5.2.tgz#68e866a96824e8b2694ff7a831c1a25c44d5e500"
    integrity sha1-aOhmqWgk6LJpT/eoMcGiXETV5QA=
  
  babel-helper-vue-jsx-merge-props@^2.0.3:
    version "2.0.3"
    resolved "https://registry.nlark.com/babel-helper-vue-jsx-merge-props/download/babel-helper-vue-jsx-merge-props-2.0.3.tgz#22aebd3b33902328e513293a8e4992b384f9f1b6"
    integrity sha1-Iq69OzOQIyjlEyk6jkmSs4T58bY=
  
  babel-runtime@6.x, babel-runtime@^6.23.0, babel-runtime@^6.26.0:
    version "6.26.0"
    resolved "https://registry.nlark.com/babel-runtime/download/babel-runtime-6.26.0.tgz#965c7058668e82b55d7bfe04ff2337bc8b5647fe"
    integrity sha1-llxwWGaOgrVde/4E/yM3vItWR/4=
    dependencies:
      core-js "^2.4.0"
      regenerator-runtime "^0.11.0"
  
  big.js@^5.2.2:
    version "5.2.2"
    resolved "https://registry.nlark.com/big.js/download/big.js-5.2.2.tgz"
    integrity sha1-ZfCvOC9Xi83HQr2cKB6cstd2gyg=
  
  bluebird@^3.7.2:
    version "3.7.2"
    resolved "https://registry.npm.taobao.org/bluebird/download/bluebird-3.7.2.tgz?cache=0&sync_timestamp=1602657218976&other_urls=https%3A%2F%2Fregistry.npm.taobao.org%2Fbluebird%2Fdownload%2Fbluebird-3.7.2.tgz"
    integrity sha1-nyKcFb4nJFT/qXOs4NvueaGww28=
  
  classnames@^2.2.5:
    version "2.3.1"
    resolved "https://registry.npm.taobao.org/classnames/download/classnames-2.3.1.tgz#dfcfa3891e306ec1dad105d0e88f4417b8535e8e"
    integrity sha1-38+jiR4wbsHa0QXQ6I9EF7hTXo4=
  
  colorette@^1.2.2:
    version "1.2.2"
    resolved "https://registry.nlark.com/colorette/download/colorette-1.2.2.tgz"
    integrity sha1-y8x51emcrqLb8Q6zom/Ys+as+pQ=
  
  component-classes@^1.2.6:
    version "1.2.6"
    resolved "https://registry.npm.taobao.org/component-classes/download/component-classes-1.2.6.tgz#c642394c3618a4d8b0b8919efccbbd930e5cd691"
    integrity sha1-xkI5TDYYpNiwuJGe/Mu9kw5c1pE=
    dependencies:
      component-indexof "0.0.3"
  
  component-indexof@0.0.3:
    version "0.0.3"
    resolved "https://registry.npm.taobao.org/component-indexof/download/component-indexof-0.0.3.tgz#11d091312239eb8f32c8f25ae9cb002ffe8d3c24"
    integrity sha1-EdCRMSI5648yyPJa6csAL/6NPCQ=
  
  consolidate@^0.16.0:
    version "0.16.0"
    resolved "https://registry.npm.taobao.org/consolidate/download/consolidate-0.16.0.tgz"
    integrity sha1-oRhkdokw8vGUMWYKZZBmaPX73BY=
    dependencies:
      bluebird "^3.7.2"
  
  core-js@^2.4.0:
    version "2.6.12"
    resolved "https://registry.nlark.com/core-js/download/core-js-2.6.12.tgz?cache=0&sync_timestamp=1624966012065&other_urls=https%3A%2F%2Fregistry.nlark.com%2Fcore-js%2Fdownload%2Fcore-js-2.6.12.tgz#d9333dfa7b065e347cc5682219d6f690859cc2ec"
    integrity sha1-2TM9+nsGXjR8xWgiGdb2kIWcwuw=
  
  core-js@^3.6.5:
    version "3.15.2"
    resolved "https://registry.nlark.com/core-js/download/core-js-3.15.2.tgz?cache=0&sync_timestamp=1624966012065&other_urls=https%3A%2F%2Fregistry.nlark.com%2Fcore-js%2Fdownload%2Fcore-js-3.15.2.tgz#740660d2ff55ef34ce664d7e2455119c5bdd3d61"
    integrity sha1-dAZg0v9V7zTOZk1+JFURnFvdPWE=
  
  cssesc@^3.0.0:
    version "3.0.0"
    resolved "https://registry.nlark.com/cssesc/download/cssesc-3.0.0.tgz"
    integrity sha1-N3QZGZA7hoVl4cCep0dEXNGJg+4=
  
  csstype@^2.6.8:
    version "2.6.17"
    resolved "https://registry.nlark.com/csstype/download/csstype-2.6.17.tgz?cache=0&sync_timestamp=1618818393132&other_urls=https%3A%2F%2Fregistry.nlark.com%2Fcsstype%2Fdownload%2Fcsstype-2.6.17.tgz"
    integrity sha1-TPMOuH4dGgBdi2UQ+VKSQT9qHA4=
  
  dom-align@^1.10.4:
    version "1.12.2"
    resolved "https://registry.nlark.com/dom-align/download/dom-align-1.12.2.tgz#0f8164ebd0c9c21b0c790310493cd855892acd4b"
    integrity sha1-D4Fk69DJwhsMeQMQSTzYVYkqzUs=
  
  dom-closest@^0.2.0:
    version "0.2.0"
    resolved "https://registry.nlark.com/dom-closest/download/dom-closest-0.2.0.tgz#ebd9f91d1bf22e8d6f477876bbcd3ec90216c0cf"
    integrity sha1-69n5HRvyLo1vR3h2u80+yQIWwM8=
    dependencies:
      dom-matches ">=1.0.1"
  
  dom-matches@>=1.0.1:
    version "2.0.0"
    resolved "https://registry.npm.taobao.org/dom-matches/download/dom-matches-2.0.0.tgz#d2728b416a87533980eb089b848d253cf23a758c"
    integrity sha1-0nKLQWqHUzmA6wibhI0lPPI6dYw=
  
  dom-scroll-into-view@^2.0.0:
    version "2.0.1"
    resolved "https://registry.npm.taobao.org/dom-scroll-into-view/download/dom-scroll-into-view-2.0.1.tgz"
    integrity sha1-DezIUigB/Y0/HGujVadNOCxfmJs=
  
  emojis-list@^3.0.0:
    version "3.0.0"
    resolved "https://registry.npm.taobao.org/emojis-list/download/emojis-list-3.0.0.tgz"
    integrity sha1-VXBmIEatKeLpFucariYKvf9Pang=
  
  enquire.js@^2.1.6:
    version "2.1.6"
    resolved "https://registry.npm.taobao.org/enquire.js/download/enquire.js-2.1.6.tgz#3e8780c9b8b835084c3f60e166dbc3c2a3c89814"
    integrity sha1-PoeAybi4NQhMP2DhZtvDwqPImBQ=
  
  esbuild@^0.12.12, esbuild@^0.12.8:
    version "0.12.12"
    resolved "https://registry.nlark.com/esbuild/download/esbuild-0.12.12.tgz"
    integrity sha1-LDgVxQjiD3cc9rL/sDqnNJ5lFlc=
  
  estree-walker@^2.0.1:
    version "2.0.2"
    resolved "https://registry.npm.taobao.org/estree-walker/download/estree-walker-2.0.2.tgz"
    integrity sha1-UvAQF4wqTBF6d1fP6UKtt9LaTKw=
  
  fsevents@~2.3.2:
    version "2.3.2"
    resolved "https://registry.nlark.com/fsevents/download/fsevents-2.3.2.tgz"
    integrity sha1-ilJveLj99GI7cJ4Ll1xSwkwC/Ro=
  
  function-bind@^1.1.1:
    version "1.1.1"
    resolved "https://registry.nlark.com/function-bind/download/function-bind-1.1.1.tgz"
    integrity sha1-pWiZ0+o8m6uHS7l3O3xe3pL0iV0=
  
  generic-names@^2.0.1:
    version "2.0.1"
    resolved "https://registry.npm.taobao.org/generic-names/download/generic-names-2.0.1.tgz"
    integrity sha1-+KN46tLMqno08DF7BVVIMq5BuHI=
    dependencies:
      loader-utils "^1.1.0"
  
  has@^1.0.3:
    version "1.0.3"
    resolved "https://registry.nlark.com/has/download/has-1.0.3.tgz?cache=0&sync_timestamp=1618847173393&other_urls=https%3A%2F%2Fregistry.nlark.com%2Fhas%2Fdownload%2Fhas-1.0.3.tgz"
    integrity sha1-ci18v8H2qoJB8W3YFOAR4fQeh5Y=
    dependencies:
      function-bind "^1.1.1"
  
  hash-sum@^2.0.0:
    version "2.0.0"
    resolved "https://registry.npm.taobao.org/hash-sum/download/hash-sum-2.0.0.tgz"
    integrity sha1-gdAbtd6OpKIUrV1urRtSNGCwtFo=
  
  icss-replace-symbols@^1.1.0:
    version "1.1.0"
    resolved "https://registry.npm.taobao.org/icss-replace-symbols/download/icss-replace-symbols-1.1.0.tgz"
    integrity sha1-Bupvg2ead0njhs/h/oEq5dsiPe0=
  
  icss-utils@^5.0.0:
    version "5.1.0"
    resolved "https://registry.nlark.com/icss-utils/download/icss-utils-5.1.0.tgz"
    integrity sha1-xr5oWKvQE9do6YNmrkfiXViHsa4=
  
  intersperse@^1.0.0:
    version "1.0.0"
    resolved "https://registry.npm.taobao.org/intersperse/download/intersperse-1.0.0.tgz#f2561fb1cfef9f5277cc3347a22886b4351a5181"
    integrity sha1-8lYfsc/vn1J3zDNHoiiGtDUaUYE=
  
  is-core-module@^2.2.0:
    version "2.4.0"
    resolved "https://registry.nlark.com/is-core-module/download/is-core-module-2.4.0.tgz"
    integrity sha1-jp/I4VAnsBFBgCbpjw5vTYYwXME=
    dependencies:
      has "^1.0.3"
  
  is-mobile@^2.2.1:
    version "2.2.2"
    resolved "https://registry.npm.taobao.org/is-mobile/download/is-mobile-2.2.2.tgz#f6c9c5d50ee01254ce05e739bdd835f1ed4e9954"
    integrity sha1-9snF1Q7gElTOBec5vdg18e1OmVQ=
  
  is-negative-zero@^2.0.0:
    version "2.0.1"
    resolved "https://registry.npm.taobao.org/is-negative-zero/download/is-negative-zero-2.0.1.tgz?cache=0&sync_timestamp=1607123314998&other_urls=https%3A%2F%2Fregistry.npm.taobao.org%2Fis-negative-zero%2Fdownload%2Fis-negative-zero-2.0.1.tgz#3de746c18dda2319241a53675908d8f766f11c24"
    integrity sha1-PedGwY3aIxkkGlNnWQjY92bxHCQ=
  
  ismobilejs@^1.0.0:
    version "1.1.1"
    resolved "https://registry.npm.taobao.org/ismobilejs/download/ismobilejs-1.1.1.tgz#c56ca0ae8e52b24ca0f22ba5ef3215a2ddbbaa0e"
    integrity sha1-xWygro5Sskyg8iul7zIVot27qg4=
  
  "js-tokens@^3.0.0 || ^4.0.0":
    version "4.0.0"
    resolved "https://registry.nlark.com/js-tokens/download/js-tokens-4.0.0.tgz"
    integrity sha1-GSA/tZmR35jjoocFDUZHzerzJJk=
  
  json2mq@^0.2.0:
    version "0.2.0"
    resolved "https://registry.npm.taobao.org/json2mq/download/json2mq-0.2.0.tgz#b637bd3ba9eabe122c83e9720483aeb10d2c904a"
    integrity sha1-tje9O6nqvhIsg+lyBIOusQ0skEo=
    dependencies:
      string-convert "^0.2.0"
  
  json5@^1.0.1:
    version "1.0.1"
    resolved "https://registry.npm.taobao.org/json5/download/json5-1.0.1.tgz"
    integrity sha1-d5+wAYYE+oVOrL9iUhgNg1Q+Pb4=
    dependencies:
      minimist "^1.2.0"
  
  loader-utils@^1.1.0:
    version "1.4.0"
    resolved "https://registry.npm.taobao.org/loader-utils/download/loader-utils-1.4.0.tgz"
    integrity sha1-xXm140yzSxp07cbB+za/o3HVphM=
    dependencies:
      big.js "^5.2.2"
      emojis-list "^3.0.0"
      json5 "^1.0.1"
  
  lodash.camelcase@^4.3.0:
    version "4.3.0"
    resolved "https://registry.npm.taobao.org/lodash.camelcase/download/lodash.camelcase-4.3.0.tgz"
    integrity sha1-soqmKIorn8ZRA1x3EfZathkDMaY=
  
  lodash.toarray@^4.4.0:
    version "4.4.0"
    resolved "https://registry.npm.taobao.org/lodash.toarray/download/lodash.toarray-4.4.0.tgz#24c4bfcd6b2fba38bfd0594db1179d8e9b656561"
    integrity sha1-JMS/zWsvuji/0FlNsRedjptlZWE=
  
  lodash@^4.17.15, lodash@^4.17.5:
    version "4.17.21"
    resolved "https://registry.npm.taobao.org/lodash/download/lodash-4.17.21.tgz#679591c564c3bffaae8454cf0b3df370c3d6911c"
    integrity sha1-Z5WRxWTDv/quhFTPCz3zcMPWkRw=
  
  loose-envify@^1.0.0:
    version "1.4.0"
    resolved "https://registry.npm.taobao.org/loose-envify/download/loose-envify-1.4.0.tgz"
    integrity sha1-ce5R+nvkyuwaY4OffmgtgTLTDK8=
    dependencies:
      js-tokens "^3.0.0 || ^4.0.0"
  
  lru-cache@^5.1.1:
    version "5.1.1"
    resolved "https://registry.npm.taobao.org/lru-cache/download/lru-cache-5.1.1.tgz"
    integrity sha1-HaJ+ZxAnGUdpXa9oSOhH8B2EuSA=
    dependencies:
      yallist "^3.0.2"
  
  magic-string@^0.25.7:
    version "0.25.7"
    resolved "https://registry.npm.taobao.org/magic-string/download/magic-string-0.25.7.tgz"
    integrity sha1-P0l9b9NMZpxnmNy4IfLvMfVEUFE=
    dependencies:
      sourcemap-codec "^1.4.4"
  
  merge-source-map@^1.1.0:
    version "1.1.0"
    resolved "https://registry.nlark.com/merge-source-map/download/merge-source-map-1.1.0.tgz"
    integrity sha1-L93n5gIJOfcJBqaPLXrmheTIxkY=
    dependencies:
      source-map "^0.6.1"
  
  minimist@^1.2.0:
    version "1.2.5"
    resolved "https://registry.nlark.com/minimist/download/minimist-1.2.5.tgz"
    integrity sha1-Z9ZgFLZqaoqqDAg8X9WN9OTpdgI=
  
  moment@^2.21.0:
    version "2.29.1"
    resolved "https://registry.npm.taobao.org/moment/download/moment-2.29.1.tgz?cache=0&sync_timestamp=1602337231601&other_urls=https%3A%2F%2Fregistry.npm.taobao.org%2Fmoment%2Fdownload%2Fmoment-2.29.1.tgz#b2be769fa31940be9eeea6469c075e35006fa3d3"
    integrity sha1-sr52n6MZQL6e7qZGnAdeNQBvo9M=
  
  mutationobserver-shim@^0.3.2:
    version "0.3.7"
    resolved "https://registry.npm.taobao.org/mutationobserver-shim/download/mutationobserver-shim-0.3.7.tgz?cache=0&sync_timestamp=1591727024563&other_urls=https%3A%2F%2Fregistry.npm.taobao.org%2Fmutationobserver-shim%2Fdownload%2Fmutationobserver-shim-0.3.7.tgz#8bf633b0c0b0291a1107255ed32c13088a8c5bf3"
    integrity sha1-i/YzsMCwKRoRByVe0ywTCIqMW/M=
  
  nanoid@^3.1.23:
    version "3.1.23"
    resolved "https://registry.nlark.com/nanoid/download/nanoid-3.1.23.tgz"
    integrity sha1-90QIbOfCvEfuCoRyV01ceOQYOoE=
  
  nanopop@^2.1.0:
    version "2.1.0"
    resolved "https://registry.nlark.com/nanopop/download/nanopop-2.1.0.tgz"
    integrity sha1-I0dlE87iQFiIr9LopLVAZrcLnmA=
  
  node-emoji@^1.10.0:
    version "1.10.0"
    resolved "https://registry.npm.taobao.org/node-emoji/download/node-emoji-1.10.0.tgz#8886abd25d9c7bb61802a658523d1f8d2a89b2da"
    integrity sha1-iIar0l2ce7YYAqZYUj0fjSqJsto=
    dependencies:
      lodash.toarray "^4.4.0"
  
  object-assign@4.x:
    version "4.1.1"
    resolved "https://registry.npm.taobao.org/object-assign/download/object-assign-4.1.1.tgz?cache=0&sync_timestamp=1602657128410&other_urls=https%3A%2F%2Fregistry.npm.taobao.org%2Fobject-assign%2Fdownload%2Fobject-assign-4.1.1.tgz#2109adc7965887cfc05cbbd442cac8bfbb360863"
    integrity sha1-IQmtx5ZYh8/AXLvUQsrIv7s2CGM=
  
  omit.js@^1.0.0:
    version "1.0.2"
    resolved "https://registry.npm.taobao.org/omit.js/download/omit.js-1.0.2.tgz#91a14f0eba84066dfa015bf30e474c47f30bc858"
    integrity sha1-kaFPDrqEBm36AVvzDkdMR/MLyFg=
    dependencies:
      babel-runtime "^6.23.0"
  
  path-parse@^1.0.6:
    version "1.0.7"
    resolved "https://registry.nlark.com/path-parse/download/path-parse-1.0.7.tgz"
    integrity sha1-+8EUtgykKzDZ2vWFjkvWi77bZzU=
  
  performance-now@^2.1.0:
    version "2.1.0"
    resolved "https://registry.npm.taobao.org/performance-now/download/performance-now-2.1.0.tgz#6309f4e0e5fa913ec1c69307ae364b4b377c9e7b"
    integrity sha1-Ywn04OX6kT7BxpMHrjZLSzd8nns=
  
  postcss-modules-extract-imports@^3.0.0:
    version "3.0.0"
    resolved "https://registry.npm.taobao.org/postcss-modules-extract-imports/download/postcss-modules-extract-imports-3.0.0.tgz?cache=0&sync_timestamp=1602588260997&other_urls=https%3A%2F%2Fregistry.npm.taobao.org%2Fpostcss-modules-extract-imports%2Fdownload%2Fpostcss-modules-extract-imports-3.0.0.tgz"
    integrity sha1-zaHwR8CugMl9vijD52pDuIAldB0=
  
  postcss-modules-local-by-default@^4.0.0:
    version "4.0.0"
    resolved "https://registry.npm.taobao.org/postcss-modules-local-by-default/download/postcss-modules-local-by-default-4.0.0.tgz?cache=0&sync_timestamp=1602587625149&other_urls=https%3A%2F%2Fregistry.npm.taobao.org%2Fpostcss-modules-local-by-default%2Fdownload%2Fpostcss-modules-local-by-default-4.0.0.tgz"
    integrity sha1-67tU+uFZjuz99pGgKz/zs5ClpRw=
    dependencies:
      icss-utils "^5.0.0"
      postcss-selector-parser "^6.0.2"
      postcss-value-parser "^4.1.0"
  
  postcss-modules-scope@^3.0.0:
    version "3.0.0"
    resolved "https://registry.nlark.com/postcss-modules-scope/download/postcss-modules-scope-3.0.0.tgz"
    integrity sha1-nvMVFFbTu/oSDKRImN/Kby+gHwY=
    dependencies:
      postcss-selector-parser "^6.0.4"
  
  postcss-modules-values@^4.0.0:
    version "4.0.0"
    resolved "https://registry.npm.taobao.org/postcss-modules-values/download/postcss-modules-values-4.0.0.tgz?cache=0&sync_timestamp=1602586215124&other_urls=https%3A%2F%2Fregistry.npm.taobao.org%2Fpostcss-modules-values%2Fdownload%2Fpostcss-modules-values-4.0.0.tgz"
    integrity sha1-18Xn5ow7s8myfL9Iyguz/7RgLJw=
    dependencies:
      icss-utils "^5.0.0"
  
  postcss-modules@^4.0.0:
    version "4.1.3"
    resolved "https://registry.nlark.com/postcss-modules/download/postcss-modules-4.1.3.tgz"
    integrity sha1-xMTEHZjZfSTHDojaz8l69aSz4h0=
    dependencies:
      generic-names "^2.0.1"
      icss-replace-symbols "^1.1.0"
      lodash.camelcase "^4.3.0"
      postcss-modules-extract-imports "^3.0.0"
      postcss-modules-local-by-default "^4.0.0"
      postcss-modules-scope "^3.0.0"
      postcss-modules-values "^4.0.0"
      string-hash "^1.1.1"
  
  postcss-selector-parser@^6.0.2, postcss-selector-parser@^6.0.4:
    version "6.0.6"
    resolved "https://registry.nlark.com/postcss-selector-parser/download/postcss-selector-parser-6.0.6.tgz"
    integrity sha1-LFu6gXSsL2mBq2MaQqsO5UrzMuo=
    dependencies:
      cssesc "^3.0.0"
      util-deprecate "^1.0.2"
  
  postcss-value-parser@^4.1.0:
    version "4.1.0"
    resolved "https://registry.npm.taobao.org/postcss-value-parser/download/postcss-value-parser-4.1.0.tgz"
    integrity sha1-RD9qIM7WSBor2k+oUypuVdeJoss=
  
  postcss@^8.1.10, postcss@^8.3.4:
    version "8.3.5"
    resolved "https://registry.nlark.com/postcss/download/postcss-8.3.5.tgz"
    integrity sha1-mCIWsRNBK8IKhiiekeuZSVKltwk=
    dependencies:
      colorette "^1.2.2"
      nanoid "^3.1.23"
      source-map-js "^0.6.2"
  
  raf@^3.4.0:
    version "3.4.1"
    resolved "https://registry.npm.taobao.org/raf/download/raf-3.4.1.tgz#0742e99a4a6552f445d73e3ee0328af0ff1ede39"
    integrity sha1-B0LpmkplUvRF1z4+4DKK8P8e3jk=
    dependencies:
      performance-now "^2.1.0"
  
  regenerator-runtime@^0.11.0:
    version "0.11.1"
    resolved "https://registry.nlark.com/regenerator-runtime/download/regenerator-runtime-0.11.1.tgz#be05ad7f9bf7d22e056f9726cee5017fbf19e2e9"
    integrity sha1-vgWtf5v30i4Fb5cmzuUBf78Z4uk=
  
  resize-observer-polyfill@^1.5.1:
    version "1.5.1"
    resolved "https://registry.npm.taobao.org/resize-observer-polyfill/download/resize-observer-polyfill-1.5.1.tgz#0e9020dd3d21024458d4ebd27e23e40269810464"
    integrity sha1-DpAg3T0hAkRY1OvSfiPkAmmBBGQ=
  
  resolve@^1.20.0:
    version "1.20.0"
    resolved "https://registry.nlark.com/resolve/download/resolve-1.20.0.tgz?cache=0&sync_timestamp=1618846903792&other_urls=https%3A%2F%2Fregistry.nlark.com%2Fresolve%2Fdownload%2Fresolve-1.20.0.tgz"
    integrity sha1-YpoBP7P3B1XW8LeTXMHCxTeLGXU=
    dependencies:
      is-core-module "^2.2.0"
      path-parse "^1.0.6"
  
  rollup@^2.38.5:
    version "2.52.3"
    resolved "https://registry.nlark.com/rollup/download/rollup-2.52.3.tgz"
    integrity sha1-Bi/DyF9nc21nWHSTEM/uZINsTio=
    optionalDependencies:
      fsevents "~2.3.2"
  
  shallow-equal@^1.0.0:
    version "1.2.1"
    resolved "https://registry.npm.taobao.org/shallow-equal/download/shallow-equal-1.2.1.tgz"
    integrity sha1-TBar+lYEOqINBQMk76aJQLDaedo=
  
  shallowequal@^1.0.2:
    version "1.1.0"
    resolved "https://registry.npm.taobao.org/shallowequal/download/shallowequal-1.1.0.tgz#188d521de95b9087404fd4dcb68b13df0ae4e7f8"
    integrity sha1-GI1SHelbkIdAT9TctosT3wrk5/g=
  
  source-map-js@^0.6.2:
    version "0.6.2"
    resolved "https://registry.npm.taobao.org/source-map-js/download/source-map-js-0.6.2.tgz"
    integrity sha1-C7XeYxtBz72mz7qL0FqA79/SOF4=
  
  source-map@^0.6.1:
    version "0.6.1"
    resolved "https://registry.nlark.com/source-map/download/source-map-0.6.1.tgz?cache=0&sync_timestamp=1618847019434&other_urls=https%3A%2F%2Fregistry.nlark.com%2Fsource-map%2Fdownload%2Fsource-map-0.6.1.tgz"
    integrity sha1-dHIq8y6WFOnCh6jQu95IteLxomM=
  
  sourcemap-codec@^1.4.4:
    version "1.4.8"
    resolved "https://registry.npm.taobao.org/sourcemap-codec/download/sourcemap-codec-1.4.8.tgz"
    integrity sha1-6oBL2UhXQC5pktBaOO8a41qatMQ=
  
  string-convert@^0.2.0:
    version "0.2.1"
    resolved "https://registry.npm.taobao.org/string-convert/download/string-convert-0.2.1.tgz#6982cc3049fbb4cd85f8b24568b9d9bf39eeff97"
    integrity sha1-aYLMMEn7tM2F+LJFaLnZvznu/5c=
  
  string-hash@^1.1.1:
    version "1.1.3"
    resolved "https://registry.nlark.com/string-hash/download/string-hash-1.1.3.tgz?cache=0&sync_timestamp=1618846970118&other_urls=https%3A%2F%2Fregistry.nlark.com%2Fstring-hash%2Fdownload%2Fstring-hash-1.1.3.tgz"
    integrity sha1-6Kr8CsGFW0Zmkp7X3RJ1311sgRs=
  
  tinycolor2@^1.4.1:
    version "1.4.2"
    resolved "https://registry.npm.taobao.org/tinycolor2/download/tinycolor2-1.4.2.tgz#3f6a4d1071ad07676d7fa472e1fac40a719d8803"
    integrity sha1-P2pNEHGtB2dtf6Ry4frECnGdiAM=
  
  to-fast-properties@^2.0.0:
    version "2.0.0"
    resolved "https://registry.nlark.com/to-fast-properties/download/to-fast-properties-2.0.0.tgz"
    integrity sha1-3F5pjL0HkmW8c+A3doGk5Og/YW4=
  
  util-deprecate@^1.0.2:
    version "1.0.2"
    resolved "https://registry.npm.taobao.org/util-deprecate/download/util-deprecate-1.0.2.tgz"
    integrity sha1-RQ1Nyfpw3nMnYvvS1KKJgUGaDM8=
  
  vite@^2.3.8:
    version "2.3.8"
    resolved "https://registry.nlark.com/vite/download/vite-2.3.8.tgz?cache=0&sync_timestamp=1624971617746&other_urls=https%3A%2F%2Fregistry.nlark.com%2Fvite%2Fdownload%2Fvite-2.3.8.tgz"
    integrity sha1-QuPgOVOFn9QQ5OarPRzKCqsq3Dw=
    dependencies:
      esbuild "^0.12.8"
      postcss "^8.3.4"
      resolve "^1.20.0"
      rollup "^2.38.5"
    optionalDependencies:
      fsevents "~2.3.2"
  
  vue-ref@^2.0.0:
    version "2.0.0"
    resolved "https://registry.npm.taobao.org/vue-ref/download/vue-ref-2.0.0.tgz#483084d732abed11da796778a8266a3af0ea1a9c"
    integrity sha1-SDCE1zKr7RHaeWd4qCZqOvDqGpw=
  
  vue-router@4:
    version "4.0.10"
    resolved "https://registry.nlark.com/vue-router/download/vue-router-4.0.10.tgz"
    integrity sha1-7I/aAylJsqMdMnMXD483bobrUqw=
    dependencies:
      "@vue/devtools-api" "^6.0.0-beta.14"
  
  vue@^3.0.5:
    version "3.1.2"
    resolved "https://registry.nlark.com/vue/download/vue-3.1.2.tgz"
    integrity sha1-ZH+OOUmj1gB3Hcol1QIl3D5ZTGQ=
    dependencies:
      "@vue/compiler-dom" "3.1.2"
      "@vue/runtime-dom" "3.1.2"
      "@vue/shared" "3.1.2"
  
  warning@^4.0.0:
    version "4.0.3"
    resolved "https://registry.npm.taobao.org/warning/download/warning-4.0.3.tgz"
    integrity sha1-Fungd+uKhtavfWSqHgX9hbRnjKM=
    dependencies:
      loose-envify "^1.0.0"
  
  yallist@^3.0.2:
    version "3.1.1"
    resolved "https://registry.nlark.com/yallist/download/yallist-3.1.1.tgz"
    integrity sha1-27fa+b/YusmrRev2ArjLrQ1dCP0=
